<?xml version="1.0" encoding="UTF-8"?>
<testsuite xmlns:xsi="http://www.w3.org/2001/XMLSchema-instance" xsi:noNamespaceSchemaLocation="https://maven.apache.org/surefire/maven-surefire-plugin/xsd/surefire-test-report.xsd" name="TestSuite" time="52.111" tests="3" errors="0" skipped="0" failures="0">
  <properties>
[...]
</properties>
  <testcase name="runScenario" classname="cucumberOptions.TestRunner" time="18.813"/>
  <testcase name="runScenario" classname="cucumberOptions.TestRunner" time="14.693"/>
  <testcase name="runScenario" classname="cucumberOptions.TestRunner" time="15.387"/>
</testsuite>