<?xml version="1.0" encoding="UTF-8"?>
<testng-results ignored="0" total="2" passed="2" failed="0" skipped="0">
  <reporter-output>
  </reporter-output>
  <suite started-at="2022-06-18T14:27:43Z" name="Suite" finished-at="2022-06-18T14:28:13Z" duration-ms="30826">
    <groups>
    </groups>
    <test started-at="2022-06-18T14:27:43Z" name="Test" finished-at="2022-06-18T14:28:13Z" duration-ms="30826">
      <class name="Academy.TestCasepack.Homepage">
        <test-method signature="basePageNavigation(java.lang.String, java.lang.String, java.lang.String)[pri:0, instance:Academy.TestCasepack.Homepage@7829b776]" started-at="2022-06-18T14:27:43Z" name="basePageNavigation" data-provider="dp" finished-at="2022-06-18T14:27:58Z" duration-ms="15466" status="PASS">
          <params>
            <param index="0">
              <value>
                <![CDATA[vin@test.com]]>
              </value>
            </param>
            <param index="1">
              <value>
                <![CDATA[Sanjay123#]]>
              </value>
            </param>
            <param index="2">
              <value>
                <![CDATA[Valid user]]>
              </value>
            </param>
          </params>
          <reporter-output>
          </reporter-output>
        </test-method> <!-- basePageNavigation -->
        <test-method signature="basePageNavigation(java.lang.String, java.lang.String, java.lang.String)[pri:0, instance:Academy.TestCasepack.Homepage@7829b776]" started-at="2022-06-18T14:27:58Z" name="basePageNavigation" data-provider="dp" finished-at="2022-06-18T14:28:13Z" duration-ms="15327" status="PASS">
          <params>
            <param index="0">
              <value>
                <![CDATA[qa@test.com]]>
              </value>
            </param>
            <param index="1">
              <value>
                <![CDATA[bad@123#]]>
              </value>
            </param>
            <param index="2">
              <value>
                <![CDATA[InValid user]]>
              </value>
            </param>
          </params>
          <reporter-output>
          </reporter-output>
        </test-method> <!-- basePageNavigation -->
      </class> <!-- Academy.TestCasepack.Homepage -->
    </test> <!-- Test -->
  </suite> <!-- Suite -->
</testng-results>
