<?xml version="1.0" encoding="UTF-8"?>
<testng-results skipped="0" failed="0" ignored="0" total="2" passed="2">
  <reporter-output>
  </reporter-output>
  <suite name="Suite" duration-ms="17703" started-at="2022-06-19T19:48:14Z" finished-at="2022-06-19T19:48:31Z">
    <groups>
    </groups>
    <test name="Test" duration-ms="17703" started-at="2022-06-19T19:48:14Z" finished-at="2022-06-19T19:48:31Z">
      <class name="Academy.TestCasepack.Homepage">
        <test-method status="PASS" signature="initilization()[pri:0, instance:Academy.TestCasepack.Homepage@72bc6553]" name="initilization" is-config="true" duration-ms="2520" started-at="2022-06-19T19:48:14Z" finished-at="2022-06-19T19:48:16Z">
          <reporter-output>
          </reporter-output>
        </test-method> <!-- initilization -->
        <test-method status="PASS" signature="basePageNavigation(java.lang.String, java.lang.String, java.lang.String)[pri:0, instance:Academy.TestCasepack.Homepage@72bc6553]" name="basePageNavigation" duration-ms="9966" started-at="2022-06-19T19:48:16Z" data-provider="dp" finished-at="2022-06-19T19:48:26Z">
          <params>
            <param index="0">
              <value>
                <![CDATA[vin@test.com]]>
              </value>
            </param>
            <param index="1">
              <value>
                <![CDATA[Sanjay123#]]>
              </value>
            </param>
            <param index="2">
              <value>
                <![CDATA[Valid user]]>
              </value>
            </param>
          </params>
          <reporter-output>
          </reporter-output>
        </test-method> <!-- basePageNavigation -->
        <test-method status="PASS" signature="basePageNavigation(java.lang.String, java.lang.String, java.lang.String)[pri:0, instance:Academy.TestCasepack.Homepage@72bc6553]" name="basePageNavigation" duration-ms="4939" started-at="2022-06-19T19:48:26Z" data-provider="dp" finished-at="2022-06-19T19:48:31Z">
          <params>
            <param index="0">
              <value>
                <![CDATA[qa@test.com]]>
              </value>
            </param>
            <param index="1">
              <value>
                <![CDATA[bad@123#]]>
              </value>
            </param>
            <param index="2">
              <value>
                <![CDATA[InValid user]]>
              </value>
            </param>
          </params>
          <reporter-output>
          </reporter-output>
        </test-method> <!-- basePageNavigation -->
        <test-method status="PASS" signature="closeDriver()[pri:0, instance:Academy.TestCasepack.Homepage@72bc6553]" name="closeDriver" is-config="true" duration-ms="252" started-at="2022-06-19T19:48:31Z" finished-at="2022-06-19T19:48:31Z">
          <reporter-output>
          </reporter-output>
        </test-method> <!-- closeDriver -->
      </class> <!-- Academy.TestCasepack.Homepage -->
    </test> <!-- Test -->
  </suite> <!-- Suite -->
</testng-results>
