<?xml version="1.0" encoding="UTF-8"?>
<testng-results ignored="0" total="2" passed="2" failed="0" skipped="0">
  <reporter-output>
  </reporter-output>
  <suite started-at="2022-04-03T20:19:59Z" name="Default suite" finished-at="2022-04-03T20:20:25Z" duration-ms="26539">
    <groups>
    </groups>
    <test started-at="2022-04-03T20:19:59Z" name="Default test" finished-at="2022-04-03T20:20:25Z" duration-ms="26539">
      <class name="Academy.TestCasepack.Homepage">
        <test-method signature="basePageNavigation(java.lang.String, java.lang.String, java.lang.String)[pri:0, instance:Academy.TestCasepack.Homepage@16b2bb0c]" started-at="2022-04-03T20:19:59Z" name="basePageNavigation" data-provider="dp" finished-at="2022-04-03T20:20:14Z" duration-ms="15071" status="PASS">
          <params>
            <param index="0">
              <value>
                <![CDATA[vin@test.com]]>
              </value>
            </param>
            <param index="1">
              <value>
                <![CDATA[Sanjay123#]]>
              </value>
            </param>
            <param index="2">
              <value>
                <![CDATA[Valid user]]>
              </value>
            </param>
          </params>
          <reporter-output>
          </reporter-output>
        </test-method> <!-- basePageNavigation -->
        <test-method signature="basePageNavigation(java.lang.String, java.lang.String, java.lang.String)[pri:0, instance:Academy.TestCasepack.Homepage@16b2bb0c]" started-at="2022-04-03T20:20:14Z" name="basePageNavigation" data-provider="dp" finished-at="2022-04-03T20:20:25Z" duration-ms="11425" status="PASS">
          <params>
            <param index="0">
              <value>
                <![CDATA[qa@test.com]]>
              </value>
            </param>
            <param index="1">
              <value>
                <![CDATA[bad@123#]]>
              </value>
            </param>
            <param index="2">
              <value>
                <![CDATA[InValid user]]>
              </value>
            </param>
          </params>
          <reporter-output>
          </reporter-output>
        </test-method> <!-- basePageNavigation -->
      </class> <!-- Academy.TestCasepack.Homepage -->
    </test> <!-- Default test -->
  </suite> <!-- Default suite -->
</testng-results>
